2019-05-12T03:15:06.6NZ mysqld_safe Logging to '/Applications/MAMP/logs/mysql_error_log.err'.
2019-05-12T03:15:06.6NZ mysqld_safe Starting mysqld daemon with databases from /Applications/MAMP/db/mysql57
2019-05-12T03:15:07.013574Z 0 [Warning] TIMESTAMP with implicit DEFAULT value is deprecated. Please use --explicit_defaults_for_timestamp server option (see documentation for more details).
2019-05-12T03:15:07.014257Z 0 [Note] --secure-file-priv is set to NULL. Operations related to importing and exporting data are disabled
2019-05-12T03:15:07.015313Z 0 [Note] /Applications/MAMP/Library/bin/mysqld (mysqld 5.7.25) starting as process 47171 ...
2019-05-12T03:15:07.027819Z 0 [Warning] Setting lower_case_table_names=2 because file system for /Applications/MAMP/db/mysql57/ is case insensitive
2019-05-12T03:15:07.038138Z 0 [Note] InnoDB: Mutexes and rw_locks use GCC atomic builtins
2019-05-12T03:15:07.038195Z 0 [Note] InnoDB: Uses event mutexes
2019-05-12T03:15:07.038215Z 0 [Note] InnoDB: GCC builtin __atomic_thread_fence() is used for memory barrier
2019-05-12T03:15:07.038228Z 0 [Note] InnoDB: Compressed tables use zlib 1.2.11
2019-05-12T03:15:07.040541Z 0 [Note] InnoDB: Number of pools: 1
2019-05-12T03:15:07.042783Z 0 [Note] InnoDB: Using CPU crc32 instructions
2019-05-12T03:15:07.045387Z 0 [Note] InnoDB: Initializing buffer pool, total size = 128M, instances = 1, chunk size = 128M
2019-05-12T03:15:07.059668Z 0 [Note] InnoDB: Completed initialization of buffer pool
2019-05-12T03:15:07.070265Z 0 [Note] InnoDB: Highest supported file format is Barracuda.
2019-05-12T03:15:07.113937Z 0 [Note] InnoDB: Creating shared tablespace for temporary tables
2019-05-12T03:15:07.114070Z 0 [Note] InnoDB: Setting file './ibtmp1' size to 12 MB. Physically writing the file full; Please wait ...
2019-05-12T03:15:07.174061Z 0 [Note] InnoDB: File './ibtmp1' size is now 12 MB.
2019-05-12T03:15:07.174753Z 0 [Note] InnoDB: 96 redo rollback segment(s) found. 96 redo rollback segment(s) are active.
2019-05-12T03:15:07.174770Z 0 [Note] InnoDB: 32 non-redo rollback segment(s) are active.
2019-05-12T03:15:07.174970Z 0 [Note] InnoDB: Waiting for purge to start
2019-05-12T03:15:07.229054Z 0 [Note] InnoDB: 5.7.25 started; log sequence number 2551454
2019-05-12T03:15:07.229679Z 0 [Note] InnoDB: Loading buffer pool(s) from /Applications/MAMP/db/mysql57/ib_buffer_pool
2019-05-12T03:15:07.230417Z 0 [Note] Plugin 'FEDERATED' is disabled.
2019-05-12T03:15:07.246877Z 0 [Warning] InnoDB: Table mysql/innodb_table_stats has length mismatch in the column name table_name.  Please run mysql_upgrade
2019-05-12T03:15:07.246939Z 0 [Warning] InnoDB: Table mysql/innodb_index_stats has length mismatch in the column name table_name.  Please run mysql_upgrade
2019-05-12T03:15:07.248048Z 0 [Note] InnoDB: Buffer pool(s) load completed at 190512 12:15:07
2019-05-12T03:15:07.248290Z 0 [Warning] Failed to set up SSL because of the following SSL library error: SSL context is not usable without certificate and private key
2019-05-12T03:15:07.248635Z 0 [Note] Server hostname (bind-address): '*'; port: 8889
2019-05-12T03:15:07.248894Z 0 [Note] IPv6 is available.
2019-05-12T03:15:07.248924Z 0 [Note]   - '::' resolves to '::';
2019-05-12T03:15:07.249005Z 0 [Note] Server socket created on IP: '::'.
2019-05-12T03:15:07.342633Z 0 [Note] Event Scheduler: Loaded 0 events
2019-05-12T03:15:07.343116Z 0 [Note] /Applications/MAMP/Library/bin/mysqld: ready for connections.
Version: '5.7.25'  socket: '/Applications/MAMP/tmp/mysql/mysql.sock'  port: 8889  MySQL Community Server (GPL)
